<?xml version="1.0" encoding="UTF-8"?>
<!-- Generated by org.testng.reporters.JUnitReportReporter -->
<testsuite hostname="DESKTOP-M57Q7F8" failures="0" tests="1" name="testCases.Test1" time="2.416" errors="0" timestamp="2023-02-21T22:26:03 IST" skipped="0">
  <testcase classname="testCases.Test1" name="test1" time="2.416"/>
  <system-out/>
</testsuite> <!-- testCases.Test1 -->
